2023-09-26T07:37:57+00:00 CRITICAL Uncaught Error: Call to undefined function register_uninstalation_hook() in /var/www/html/woocommerce/wp-content/plugins/new_plugin/new_plugin.php:40
Stack trace:
#0 /var/www/html/woocommerce/wp-admin/includes/plugin.php(2318): include_once()
#1 /var/www/html/woocommerce/wp-admin/includes/plugin.php(663): plugin_sandbox_scrape()
#2 /var/www/html/woocommerce/wp-admin/plugins.php(58): activate_plugin()
#3 {main}
  thrown in /var/www/html/woocommerce/wp-content/plugins/new_plugin/new_plugin.php on line 40

2023-09-26T07:38:01+00:00 CRITICAL Uncaught Error: Call to undefined function register_uninstalation_hook() in /var/www/html/woocommerce/wp-content/plugins/new_plugin/new_plugin.php:40
Stack trace:
#0 /var/www/html/woocommerce/wp-admin/includes/plugin.php(2318): include_once()
#1 /var/www/html/woocommerce/wp-admin/plugins.php(192): plugin_sandbox_scrape()
#2 {main}
  thrown in /var/www/html/woocommerce/wp-content/plugins/new_plugin/new_plugin.php on line 40

2023-09-26T07:38:01+00:00 CRITICAL Uncaught Error: Call to undefined function register_uninstalation_hook() in /var/www/html/woocommerce/wp-content/plugins/new_plugin/new_plugin.php:40
Stack trace:
#0 /var/www/html/woocommerce/wp-admin/includes/plugin.php(2318): include_once()
#1 /var/www/html/woocommerce/wp-admin/plugins.php(192): plugin_sandbox_scrape()
#2 {main}
  thrown in /var/www/html/woocommerce/wp-content/plugins/new_plugin/new_plugin.php on line 40

2023-09-26T07:39:20+00:00 CRITICAL Uncaught Error: Call to undefined function register_uninstaletion_hook() in /var/www/html/woocommerce/wp-content/plugins/new_plugin/new_plugin.php:40
Stack trace:
#0 /var/www/html/woocommerce/wp-admin/includes/plugin.php(2318): include_once()
#1 /var/www/html/woocommerce/wp-admin/includes/plugin.php(663): plugin_sandbox_scrape()
#2 /var/www/html/woocommerce/wp-admin/plugins.php(58): activate_plugin()
#3 {main}
  thrown in /var/www/html/woocommerce/wp-content/plugins/new_plugin/new_plugin.php on line 40

2023-09-26T07:39:24+00:00 CRITICAL Uncaught Error: Call to undefined function register_uninstaletion_hook() in /var/www/html/woocommerce/wp-content/plugins/new_plugin/new_plugin.php:40
Stack trace:
#0 /var/www/html/woocommerce/wp-admin/includes/plugin.php(2318): include_once()
#1 /var/www/html/woocommerce/wp-admin/plugins.php(192): plugin_sandbox_scrape()
#2 {main}
  thrown in /var/www/html/woocommerce/wp-content/plugins/new_plugin/new_plugin.php on line 40

2023-09-26T07:39:24+00:00 CRITICAL Uncaught Error: Call to undefined function register_uninstaletion_hook() in /var/www/html/woocommerce/wp-content/plugins/new_plugin/new_plugin.php:40
Stack trace:
#0 /var/www/html/woocommerce/wp-admin/includes/plugin.php(2318): include_once()
#1 /var/www/html/woocommerce/wp-admin/plugins.php(192): plugin_sandbox_scrape()
#2 {main}
  thrown in /var/www/html/woocommerce/wp-content/plugins/new_plugin/new_plugin.php on line 40

