2023-09-12T11:18:25+00:00 CRITICAL syntax error, unexpected token "function" in /var/www/html/woocommerce/wp-content/themes/Ecommerce/functions.php on line 156

2023-09-12T11:18:28+00:00 CRITICAL syntax error, unexpected token "function" in /var/www/html/woocommerce/wp-content/themes/Ecommerce/functions.php on line 156

2023-09-12T11:18:32+00:00 CRITICAL syntax error, unexpected token "function" in /var/www/html/woocommerce/wp-content/themes/Ecommerce/functions.php on line 156

2023-09-12T11:18:34+00:00 CRITICAL syntax error, unexpected token "function" in /var/www/html/woocommerce/wp-content/themes/Ecommerce/functions.php on line 156

2023-09-12T11:18:35+00:00 CRITICAL syntax error, unexpected token "function" in /var/www/html/woocommerce/wp-content/themes/Ecommerce/functions.php on line 156

2023-09-12T11:18:36+00:00 CRITICAL syntax error, unexpected token "function" in /var/www/html/woocommerce/wp-content/themes/Ecommerce/functions.php on line 156

2023-09-12T11:18:36+00:00 CRITICAL syntax error, unexpected token "function" in /var/www/html/woocommerce/wp-content/themes/Ecommerce/functions.php on line 156

2023-09-12T11:18:36+00:00 CRITICAL syntax error, unexpected token "function" in /var/www/html/woocommerce/wp-content/themes/Ecommerce/functions.php on line 156

2023-09-12T11:18:37+00:00 CRITICAL syntax error, unexpected token "function" in /var/www/html/woocommerce/wp-content/themes/Ecommerce/functions.php on line 156

2023-09-12T11:18:40+00:00 CRITICAL syntax error, unexpected token "function" in /var/www/html/woocommerce/wp-content/themes/Ecommerce/functions.php on line 156

2023-09-12T11:18:40+00:00 CRITICAL syntax error, unexpected token "function" in /var/www/html/woocommerce/wp-content/themes/Ecommerce/functions.php on line 156

2023-09-12T11:18:40+00:00 CRITICAL syntax error, unexpected token "function" in /var/www/html/woocommerce/wp-content/themes/Ecommerce/functions.php on line 156

2023-09-12T11:18:41+00:00 CRITICAL syntax error, unexpected token "function" in /var/www/html/woocommerce/wp-content/themes/Ecommerce/functions.php on line 156

2023-09-12T11:18:42+00:00 CRITICAL syntax error, unexpected token "function" in /var/www/html/woocommerce/wp-content/themes/Ecommerce/functions.php on line 156

2023-09-12T11:18:45+00:00 CRITICAL syntax error, unexpected token "function" in /var/www/html/woocommerce/wp-content/themes/Ecommerce/functions.php on line 156

2023-09-12T12:31:59+00:00 CRITICAL Uncaught ArgumentCountError: Too few arguments to function addCoustomInput(), 1 passed in /var/www/html/woocommerce/wp-includes/class-wp-hook.php on line 312 and exactly 2 expected in /var/www/html/woocommerce/wp-content/themes/Ecommerce/functions.php:156
Stack trace:
#0 /var/www/html/woocommerce/wp-includes/class-wp-hook.php(312): addCoustomInput()
#1 /var/www/html/woocommerce/wp-includes/plugin.php(205): WP_Hook->apply_filters()
#2 /var/www/html/woocommerce/wp-content/plugins/woocommerce/includes/class-wc-cart.php(1143): apply_filters()
#3 /var/www/html/woocommerce/wp-content/plugins/woocommerce/includes/class-wc-form-handler.php(824): WC_Cart->add_to_cart()
#4 /var/www/html/woocommerce/wp-content/plugins/woocommerce/includes/class-wc-form-handler.php(796): WC_Form_Handler::add_to_cart_handler_simple()
#5 /var/www/html/woocommerce/wp-includes/class-wp-hook.php(310): WC_Form_Handler::add_to_cart_action()
#6 /var/www/html/woocommerce/wp-includes/class-wp-hook.php(334): WP_Hook->apply_filters()
#7 /var/www/html/woocommerce/wp-includes/plugin.php(517): WP_Hook->do_action()
#8 /var/www/html/woocommerce/wp-settings.php(654): do_action()
#9 /var/www/html/woocommerce/wp-config.php(96): require_once('...')
#10 /var/www/html/woocommerce/wp-load.php(50): require_once('...')
#11 /var/www/html/woocommerce/wp-blog-header.php(13): require_once('...')
#12 /var/www/html/woocommerce/index.php(17): require('...')
#13 {main}
  thrown in /var/www/html/woocommerce/wp-content/themes/Ecommerce/functions.php on line 156

2023-09-12T12:37:35+00:00 CRITICAL Uncaught ArgumentCountError: Too few arguments to function addCoustomInput(), 1 passed in /var/www/html/woocommerce/wp-includes/class-wp-hook.php on line 312 and exactly 2 expected in /var/www/html/woocommerce/wp-content/themes/Ecommerce/functions.php:156
Stack trace:
#0 /var/www/html/woocommerce/wp-includes/class-wp-hook.php(312): addCoustomInput()
#1 /var/www/html/woocommerce/wp-includes/plugin.php(205): WP_Hook->apply_filters()
#2 /var/www/html/woocommerce/wp-content/plugins/woocommerce/includes/class-wc-cart.php(1143): apply_filters()
#3 /var/www/html/woocommerce/wp-content/plugins/woocommerce/includes/class-wc-form-handler.php(824): WC_Cart->add_to_cart()
#4 /var/www/html/woocommerce/wp-content/plugins/woocommerce/includes/class-wc-form-handler.php(796): WC_Form_Handler::add_to_cart_handler_simple()
#5 /var/www/html/woocommerce/wp-includes/class-wp-hook.php(310): WC_Form_Handler::add_to_cart_action()
#6 /var/www/html/woocommerce/wp-includes/class-wp-hook.php(334): WP_Hook->apply_filters()
#7 /var/www/html/woocommerce/wp-includes/plugin.php(517): WP_Hook->do_action()
#8 /var/www/html/woocommerce/wp-settings.php(654): do_action()
#9 /var/www/html/woocommerce/wp-config.php(96): require_once('...')
#10 /var/www/html/woocommerce/wp-load.php(50): require_once('...')
#11 /var/www/html/woocommerce/wp-blog-header.php(13): require_once('...')
#12 /var/www/html/woocommerce/index.php(17): require('...')
#13 {main}
  thrown in /var/www/html/woocommerce/wp-content/themes/Ecommerce/functions.php on line 156

2023-09-12T12:40:03+00:00 CRITICAL Uncaught TypeError: call_user_func_array(): Argument #1 ($callback) must be a valid callback, function "addCoustomInput" not found or invalid function name in /var/www/html/woocommerce/wp-includes/class-wp-hook.php:312
Stack trace:
#0 /var/www/html/woocommerce/wp-includes/plugin.php(205): WP_Hook->apply_filters()
#1 /var/www/html/woocommerce/wp-content/plugins/woocommerce/includes/class-wc-cart.php(1143): apply_filters()
#2 /var/www/html/woocommerce/wp-content/plugins/woocommerce/includes/class-wc-form-handler.php(824): WC_Cart->add_to_cart()
#3 /var/www/html/woocommerce/wp-content/plugins/woocommerce/includes/class-wc-form-handler.php(796): WC_Form_Handler::add_to_cart_handler_simple()
#4 /var/www/html/woocommerce/wp-includes/class-wp-hook.php(310): WC_Form_Handler::add_to_cart_action()
#5 /var/www/html/woocommerce/wp-includes/class-wp-hook.php(334): WP_Hook->apply_filters()
#6 /var/www/html/woocommerce/wp-includes/plugin.php(517): WP_Hook->do_action()
#7 /var/www/html/woocommerce/wp-settings.php(654): do_action()
#8 /var/www/html/woocommerce/wp-config.php(96): require_once('...')
#9 /var/www/html/woocommerce/wp-load.php(50): require_once('...')
#10 /var/www/html/woocommerce/wp-blog-header.php(13): require_once('...')
#11 /var/www/html/woocommerce/index.php(17): require('...')
#12 {main}
  thrown in /var/www/html/woocommerce/wp-includes/class-wp-hook.php on line 312

2023-09-12T13:14:51+00:00 CRITICAL Uncaught ArgumentCountError: Too few arguments to function addCoustomInput(), 1 passed in /var/www/html/woocommerce/wp-includes/class-wp-hook.php on line 312 and exactly 2 expected in /var/www/html/woocommerce/wp-content/themes/Ecommerce/functions.php:152
Stack trace:
#0 /var/www/html/woocommerce/wp-includes/class-wp-hook.php(312): addCoustomInput()
#1 /var/www/html/woocommerce/wp-includes/plugin.php(205): WP_Hook->apply_filters()
#2 /var/www/html/woocommerce/wp-content/plugins/woocommerce/includes/class-wc-cart.php(1143): apply_filters()
#3 /var/www/html/woocommerce/wp-content/plugins/woocommerce/includes/class-wc-form-handler.php(824): WC_Cart->add_to_cart()
#4 /var/www/html/woocommerce/wp-content/plugins/woocommerce/includes/class-wc-form-handler.php(796): WC_Form_Handler::add_to_cart_handler_simple()
#5 /var/www/html/woocommerce/wp-includes/class-wp-hook.php(310): WC_Form_Handler::add_to_cart_action()
#6 /var/www/html/woocommerce/wp-includes/class-wp-hook.php(334): WP_Hook->apply_filters()
#7 /var/www/html/woocommerce/wp-includes/plugin.php(517): WP_Hook->do_action()
#8 /var/www/html/woocommerce/wp-settings.php(654): do_action()
#9 /var/www/html/woocommerce/wp-config.php(96): require_once('...')
#10 /var/www/html/woocommerce/wp-load.php(50): require_once('...')
#11 /var/www/html/woocommerce/wp-blog-header.php(13): require_once('...')
#12 /var/www/html/woocommerce/index.php(17): require('...')
#13 {main}
  thrown in /var/www/html/woocommerce/wp-content/themes/Ecommerce/functions.php on line 152

2023-09-12T13:18:19+00:00 CRITICAL Uncaught ArgumentCountError: Too few arguments to function addCoustomInput(), 1 passed in /var/www/html/woocommerce/wp-includes/class-wp-hook.php on line 312 and exactly 2 expected in /var/www/html/woocommerce/wp-content/themes/Ecommerce/functions.php:152
Stack trace:
#0 /var/www/html/woocommerce/wp-includes/class-wp-hook.php(312): addCoustomInput()
#1 /var/www/html/woocommerce/wp-includes/plugin.php(205): WP_Hook->apply_filters()
#2 /var/www/html/woocommerce/wp-content/plugins/woocommerce/includes/class-wc-cart.php(1143): apply_filters()
#3 /var/www/html/woocommerce/wp-content/plugins/woocommerce/includes/class-wc-form-handler.php(824): WC_Cart->add_to_cart()
#4 /var/www/html/woocommerce/wp-content/plugins/woocommerce/includes/class-wc-form-handler.php(796): WC_Form_Handler::add_to_cart_handler_simple()
#5 /var/www/html/woocommerce/wp-includes/class-wp-hook.php(310): WC_Form_Handler::add_to_cart_action()
#6 /var/www/html/woocommerce/wp-includes/class-wp-hook.php(334): WP_Hook->apply_filters()
#7 /var/www/html/woocommerce/wp-includes/plugin.php(517): WP_Hook->do_action()
#8 /var/www/html/woocommerce/wp-settings.php(654): do_action()
#9 /var/www/html/woocommerce/wp-config.php(96): require_once('...')
#10 /var/www/html/woocommerce/wp-load.php(50): require_once('...')
#11 /var/www/html/woocommerce/wp-blog-header.php(13): require_once('...')
#12 /var/www/html/woocommerce/index.php(17): require('...')
#13 {main}
  thrown in /var/www/html/woocommerce/wp-content/themes/Ecommerce/functions.php on line 152

2023-09-12T13:18:51+00:00 CRITICAL Uncaught ArgumentCountError: Too few arguments to function addCoustomInput(), 1 passed in /var/www/html/woocommerce/wp-includes/class-wp-hook.php on line 312 and exactly 2 expected in /var/www/html/woocommerce/wp-content/themes/Ecommerce/functions.php:152
Stack trace:
#0 /var/www/html/woocommerce/wp-includes/class-wp-hook.php(312): addCoustomInput()
#1 /var/www/html/woocommerce/wp-includes/plugin.php(205): WP_Hook->apply_filters()
#2 /var/www/html/woocommerce/wp-content/plugins/woocommerce/includes/class-wc-cart.php(1143): apply_filters()
#3 /var/www/html/woocommerce/wp-content/plugins/woocommerce/includes/class-wc-form-handler.php(824): WC_Cart->add_to_cart()
#4 /var/www/html/woocommerce/wp-content/plugins/woocommerce/includes/class-wc-form-handler.php(796): WC_Form_Handler::add_to_cart_handler_simple()
#5 /var/www/html/woocommerce/wp-includes/class-wp-hook.php(310): WC_Form_Handler::add_to_cart_action()
#6 /var/www/html/woocommerce/wp-includes/class-wp-hook.php(334): WP_Hook->apply_filters()
#7 /var/www/html/woocommerce/wp-includes/plugin.php(517): WP_Hook->do_action()
#8 /var/www/html/woocommerce/wp-settings.php(654): do_action()
#9 /var/www/html/woocommerce/wp-config.php(96): require_once('...')
#10 /var/www/html/woocommerce/wp-load.php(50): require_once('...')
#11 /var/www/html/woocommerce/wp-blog-header.php(13): require_once('...')
#12 /var/www/html/woocommerce/index.php(17): require('...')
#13 {main}
  thrown in /var/www/html/woocommerce/wp-content/themes/Ecommerce/functions.php on line 152

2023-09-12T13:30:30+00:00 CRITICAL Uncaught ArgumentCountError: Too few arguments to function addCoustomInput(), 1 passed in /var/www/html/woocommerce/wp-includes/class-wp-hook.php on line 312 and exactly 2 expected in /var/www/html/woocommerce/wp-content/themes/Ecommerce/functions.php:152
Stack trace:
#0 /var/www/html/woocommerce/wp-includes/class-wp-hook.php(312): addCoustomInput()
#1 /var/www/html/woocommerce/wp-includes/plugin.php(205): WP_Hook->apply_filters()
#2 /var/www/html/woocommerce/wp-content/plugins/woocommerce/includes/class-wc-cart.php(1143): apply_filters()
#3 /var/www/html/woocommerce/wp-content/plugins/woocommerce/includes/class-wc-form-handler.php(824): WC_Cart->add_to_cart()
#4 /var/www/html/woocommerce/wp-content/plugins/woocommerce/includes/class-wc-form-handler.php(796): WC_Form_Handler::add_to_cart_handler_simple()
#5 /var/www/html/woocommerce/wp-includes/class-wp-hook.php(310): WC_Form_Handler::add_to_cart_action()
#6 /var/www/html/woocommerce/wp-includes/class-wp-hook.php(334): WP_Hook->apply_filters()
#7 /var/www/html/woocommerce/wp-includes/plugin.php(517): WP_Hook->do_action()
#8 /var/www/html/woocommerce/wp-settings.php(654): do_action()
#9 /var/www/html/woocommerce/wp-config.php(96): require_once('...')
#10 /var/www/html/woocommerce/wp-load.php(50): require_once('...')
#11 /var/www/html/woocommerce/wp-blog-header.php(13): require_once('...')
#12 /var/www/html/woocommerce/index.php(17): require('...')
#13 {main}
  thrown in /var/www/html/woocommerce/wp-content/themes/Ecommerce/functions.php on line 152

2023-09-12T13:39:11+00:00 CRITICAL Uncaught ArgumentCountError: Too few arguments to function addCoustomInput(), 1 passed in /var/www/html/woocommerce/wp-includes/class-wp-hook.php on line 312 and exactly 2 expected in /var/www/html/woocommerce/wp-content/themes/Ecommerce/functions.php:152
Stack trace:
#0 /var/www/html/woocommerce/wp-includes/class-wp-hook.php(312): addCoustomInput()
#1 /var/www/html/woocommerce/wp-includes/plugin.php(205): WP_Hook->apply_filters()
#2 /var/www/html/woocommerce/wp-content/plugins/woocommerce/includes/class-wc-cart.php(1143): apply_filters()
#3 /var/www/html/woocommerce/wp-content/plugins/woocommerce/includes/class-wc-form-handler.php(824): WC_Cart->add_to_cart()
#4 /var/www/html/woocommerce/wp-content/plugins/woocommerce/includes/class-wc-form-handler.php(796): WC_Form_Handler::add_to_cart_handler_simple()
#5 /var/www/html/woocommerce/wp-includes/class-wp-hook.php(310): WC_Form_Handler::add_to_cart_action()
#6 /var/www/html/woocommerce/wp-includes/class-wp-hook.php(334): WP_Hook->apply_filters()
#7 /var/www/html/woocommerce/wp-includes/plugin.php(517): WP_Hook->do_action()
#8 /var/www/html/woocommerce/wp-settings.php(654): do_action()
#9 /var/www/html/woocommerce/wp-config.php(96): require_once('...')
#10 /var/www/html/woocommerce/wp-load.php(50): require_once('...')
#11 /var/www/html/woocommerce/wp-blog-header.php(13): require_once('...')
#12 /var/www/html/woocommerce/index.php(17): require('...')
#13 {main}
  thrown in /var/www/html/woocommerce/wp-content/themes/Ecommerce/functions.php on line 152

2023-09-12T13:41:03+00:00 CRITICAL Uncaught ArgumentCountError: Too few arguments to function addCoustomInput(), 1 passed in /var/www/html/woocommerce/wp-includes/class-wp-hook.php on line 312 and exactly 2 expected in /var/www/html/woocommerce/wp-content/themes/Ecommerce/functions.php:152
Stack trace:
#0 /var/www/html/woocommerce/wp-includes/class-wp-hook.php(312): addCoustomInput()
#1 /var/www/html/woocommerce/wp-includes/plugin.php(205): WP_Hook->apply_filters()
#2 /var/www/html/woocommerce/wp-content/plugins/woocommerce/includes/class-wc-cart.php(1143): apply_filters()
#3 /var/www/html/woocommerce/wp-content/plugins/woocommerce/includes/class-wc-form-handler.php(824): WC_Cart->add_to_cart()
#4 /var/www/html/woocommerce/wp-content/plugins/woocommerce/includes/class-wc-form-handler.php(796): WC_Form_Handler::add_to_cart_handler_simple()
#5 /var/www/html/woocommerce/wp-includes/class-wp-hook.php(310): WC_Form_Handler::add_to_cart_action()
#6 /var/www/html/woocommerce/wp-includes/class-wp-hook.php(334): WP_Hook->apply_filters()
#7 /var/www/html/woocommerce/wp-includes/plugin.php(517): WP_Hook->do_action()
#8 /var/www/html/woocommerce/wp-settings.php(654): do_action()
#9 /var/www/html/woocommerce/wp-config.php(96): require_once('...')
#10 /var/www/html/woocommerce/wp-load.php(50): require_once('...')
#11 /var/www/html/woocommerce/wp-blog-header.php(13): require_once('...')
#12 /var/www/html/woocommerce/index.php(17): require('...')
#13 {main}
  thrown in /var/www/html/woocommerce/wp-content/themes/Ecommerce/functions.php on line 152

2023-09-12T13:41:50+00:00 CRITICAL Uncaught ArgumentCountError: Too few arguments to function addCoustomInput(), 1 passed in /var/www/html/woocommerce/wp-includes/class-wp-hook.php on line 312 and exactly 2 expected in /var/www/html/woocommerce/wp-content/themes/Ecommerce/functions.php:152
Stack trace:
#0 /var/www/html/woocommerce/wp-includes/class-wp-hook.php(312): addCoustomInput()
#1 /var/www/html/woocommerce/wp-includes/plugin.php(205): WP_Hook->apply_filters()
#2 /var/www/html/woocommerce/wp-content/plugins/woocommerce/includes/class-wc-cart.php(1143): apply_filters()
#3 /var/www/html/woocommerce/wp-content/plugins/woocommerce/includes/class-wc-form-handler.php(824): WC_Cart->add_to_cart()
#4 /var/www/html/woocommerce/wp-content/plugins/woocommerce/includes/class-wc-form-handler.php(796): WC_Form_Handler::add_to_cart_handler_simple()
#5 /var/www/html/woocommerce/wp-includes/class-wp-hook.php(310): WC_Form_Handler::add_to_cart_action()
#6 /var/www/html/woocommerce/wp-includes/class-wp-hook.php(334): WP_Hook->apply_filters()
#7 /var/www/html/woocommerce/wp-includes/plugin.php(517): WP_Hook->do_action()
#8 /var/www/html/woocommerce/wp-settings.php(654): do_action()
#9 /var/www/html/woocommerce/wp-config.php(96): require_once('...')
#10 /var/www/html/woocommerce/wp-load.php(50): require_once('...')
#11 /var/www/html/woocommerce/wp-blog-header.php(13): require_once('...')
#12 /var/www/html/woocommerce/index.php(17): require('...')
#13 {main}
  thrown in /var/www/html/woocommerce/wp-content/themes/Ecommerce/functions.php on line 152

2023-09-12T13:45:02+00:00 CRITICAL Uncaught ArgumentCountError: Too few arguments to function addCoustomInput(), 1 passed in /var/www/html/woocommerce/wp-includes/class-wp-hook.php on line 312 and exactly 2 expected in /var/www/html/woocommerce/wp-content/themes/Ecommerce/functions.php:152
Stack trace:
#0 /var/www/html/woocommerce/wp-includes/class-wp-hook.php(312): addCoustomInput()
#1 /var/www/html/woocommerce/wp-includes/plugin.php(205): WP_Hook->apply_filters()
#2 /var/www/html/woocommerce/wp-content/plugins/woocommerce/includes/class-wc-cart.php(1143): apply_filters()
#3 /var/www/html/woocommerce/wp-content/plugins/woocommerce/includes/class-wc-form-handler.php(824): WC_Cart->add_to_cart()
#4 /var/www/html/woocommerce/wp-content/plugins/woocommerce/includes/class-wc-form-handler.php(796): WC_Form_Handler::add_to_cart_handler_simple()
#5 /var/www/html/woocommerce/wp-includes/class-wp-hook.php(310): WC_Form_Handler::add_to_cart_action()
#6 /var/www/html/woocommerce/wp-includes/class-wp-hook.php(334): WP_Hook->apply_filters()
#7 /var/www/html/woocommerce/wp-includes/plugin.php(517): WP_Hook->do_action()
#8 /var/www/html/woocommerce/wp-settings.php(654): do_action()
#9 /var/www/html/woocommerce/wp-config.php(96): require_once('...')
#10 /var/www/html/woocommerce/wp-load.php(50): require_once('...')
#11 /var/www/html/woocommerce/wp-blog-header.php(13): require_once('...')
#12 /var/www/html/woocommerce/index.php(17): require('...')
#13 {main}
  thrown in /var/www/html/woocommerce/wp-content/themes/Ecommerce/functions.php on line 152

2023-09-12T13:45:11+00:00 CRITICAL Uncaught ArgumentCountError: Too few arguments to function addCoustomInput(), 1 passed in /var/www/html/woocommerce/wp-includes/class-wp-hook.php on line 312 and exactly 2 expected in /var/www/html/woocommerce/wp-content/themes/Ecommerce/functions.php:152
Stack trace:
#0 /var/www/html/woocommerce/wp-includes/class-wp-hook.php(312): addCoustomInput()
#1 /var/www/html/woocommerce/wp-includes/plugin.php(205): WP_Hook->apply_filters()
#2 /var/www/html/woocommerce/wp-content/plugins/woocommerce/includes/class-wc-cart.php(1143): apply_filters()
#3 /var/www/html/woocommerce/wp-content/plugins/woocommerce/includes/class-wc-form-handler.php(824): WC_Cart->add_to_cart()
#4 /var/www/html/woocommerce/wp-content/plugins/woocommerce/includes/class-wc-form-handler.php(796): WC_Form_Handler::add_to_cart_handler_simple()
#5 /var/www/html/woocommerce/wp-includes/class-wp-hook.php(310): WC_Form_Handler::add_to_cart_action()
#6 /var/www/html/woocommerce/wp-includes/class-wp-hook.php(334): WP_Hook->apply_filters()
#7 /var/www/html/woocommerce/wp-includes/plugin.php(517): WP_Hook->do_action()
#8 /var/www/html/woocommerce/wp-settings.php(654): do_action()
#9 /var/www/html/woocommerce/wp-config.php(96): require_once('...')
#10 /var/www/html/woocommerce/wp-load.php(50): require_once('...')
#11 /var/www/html/woocommerce/wp-blog-header.php(13): require_once('...')
#12 /var/www/html/woocommerce/index.php(17): require('...')
#13 {main}
  thrown in /var/www/html/woocommerce/wp-content/themes/Ecommerce/functions.php on line 152

2023-09-12T13:45:34+00:00 CRITICAL Uncaught ArgumentCountError: Too few arguments to function addCoustomInput(), 1 passed in /var/www/html/woocommerce/wp-includes/class-wp-hook.php on line 312 and exactly 2 expected in /var/www/html/woocommerce/wp-content/themes/Ecommerce/functions.php:152
Stack trace:
#0 /var/www/html/woocommerce/wp-includes/class-wp-hook.php(312): addCoustomInput()
#1 /var/www/html/woocommerce/wp-includes/plugin.php(205): WP_Hook->apply_filters()
#2 /var/www/html/woocommerce/wp-content/plugins/woocommerce/includes/class-wc-cart.php(1143): apply_filters()
#3 /var/www/html/woocommerce/wp-content/plugins/woocommerce/includes/class-wc-form-handler.php(824): WC_Cart->add_to_cart()
#4 /var/www/html/woocommerce/wp-content/plugins/woocommerce/includes/class-wc-form-handler.php(796): WC_Form_Handler::add_to_cart_handler_simple()
#5 /var/www/html/woocommerce/wp-includes/class-wp-hook.php(310): WC_Form_Handler::add_to_cart_action()
#6 /var/www/html/woocommerce/wp-includes/class-wp-hook.php(334): WP_Hook->apply_filters()
#7 /var/www/html/woocommerce/wp-includes/plugin.php(517): WP_Hook->do_action()
#8 /var/www/html/woocommerce/wp-settings.php(654): do_action()
#9 /var/www/html/woocommerce/wp-config.php(96): require_once('...')
#10 /var/www/html/woocommerce/wp-load.php(50): require_once('...')
#11 /var/www/html/woocommerce/wp-blog-header.php(13): require_once('...')
#12 /var/www/html/woocommerce/index.php(17): require('...')
#13 {main}
  thrown in /var/www/html/woocommerce/wp-content/themes/Ecommerce/functions.php on line 152

2023-09-12T13:46:51+00:00 CRITICAL Uncaught ArgumentCountError: Too few arguments to function addCoustomInput(), 1 passed in /var/www/html/woocommerce/wp-includes/class-wp-hook.php on line 312 and exactly 2 expected in /var/www/html/woocommerce/wp-content/themes/Ecommerce/functions.php:152
Stack trace:
#0 /var/www/html/woocommerce/wp-includes/class-wp-hook.php(312): addCoustomInput()
#1 /var/www/html/woocommerce/wp-includes/plugin.php(205): WP_Hook->apply_filters()
#2 /var/www/html/woocommerce/wp-content/plugins/woocommerce/includes/class-wc-cart.php(1143): apply_filters()
#3 /var/www/html/woocommerce/wp-content/plugins/woocommerce/includes/class-wc-form-handler.php(824): WC_Cart->add_to_cart()
#4 /var/www/html/woocommerce/wp-content/plugins/woocommerce/includes/class-wc-form-handler.php(796): WC_Form_Handler::add_to_cart_handler_simple()
#5 /var/www/html/woocommerce/wp-includes/class-wp-hook.php(310): WC_Form_Handler::add_to_cart_action()
#6 /var/www/html/woocommerce/wp-includes/class-wp-hook.php(334): WP_Hook->apply_filters()
#7 /var/www/html/woocommerce/wp-includes/plugin.php(517): WP_Hook->do_action()
#8 /var/www/html/woocommerce/wp-settings.php(654): do_action()
#9 /var/www/html/woocommerce/wp-config.php(96): require_once('...')
#10 /var/www/html/woocommerce/wp-load.php(50): require_once('...')
#11 /var/www/html/woocommerce/wp-blog-header.php(13): require_once('...')
#12 /var/www/html/woocommerce/index.php(17): require('...')
#13 {main}
  thrown in /var/www/html/woocommerce/wp-content/themes/Ecommerce/functions.php on line 152

2023-09-12T13:56:31+00:00 CRITICAL Uncaught ArgumentCountError: Too few arguments to function addCoustomInput(), 1 passed in /var/www/html/woocommerce/wp-includes/class-wp-hook.php on line 312 and exactly 2 expected in /var/www/html/woocommerce/wp-content/themes/Ecommerce/functions.php:156
Stack trace:
#0 /var/www/html/woocommerce/wp-includes/class-wp-hook.php(312): addCoustomInput()
#1 /var/www/html/woocommerce/wp-includes/plugin.php(205): WP_Hook->apply_filters()
#2 /var/www/html/woocommerce/wp-content/plugins/woocommerce/includes/class-wc-cart.php(1143): apply_filters()
#3 /var/www/html/woocommerce/wp-content/plugins/woocommerce/includes/class-wc-form-handler.php(824): WC_Cart->add_to_cart()
#4 /var/www/html/woocommerce/wp-content/plugins/woocommerce/includes/class-wc-form-handler.php(796): WC_Form_Handler::add_to_cart_handler_simple()
#5 /var/www/html/woocommerce/wp-includes/class-wp-hook.php(310): WC_Form_Handler::add_to_cart_action()
#6 /var/www/html/woocommerce/wp-includes/class-wp-hook.php(334): WP_Hook->apply_filters()
#7 /var/www/html/woocommerce/wp-includes/plugin.php(517): WP_Hook->do_action()
#8 /var/www/html/woocommerce/wp-settings.php(654): do_action()
#9 /var/www/html/woocommerce/wp-config.php(96): require_once('...')
#10 /var/www/html/woocommerce/wp-load.php(50): require_once('...')
#11 /var/www/html/woocommerce/wp-blog-header.php(13): require_once('...')
#12 /var/www/html/woocommerce/index.php(17): require('...')
#13 {main}
  thrown in /var/www/html/woocommerce/wp-content/themes/Ecommerce/functions.php on line 156

2023-09-12T14:00:44+00:00 CRITICAL Uncaught ArgumentCountError: Too few arguments to function addCoustomInput(), 1 passed in /var/www/html/woocommerce/wp-includes/class-wp-hook.php on line 312 and exactly 2 expected in /var/www/html/woocommerce/wp-content/themes/Ecommerce/functions.php:156
Stack trace:
#0 /var/www/html/woocommerce/wp-includes/class-wp-hook.php(312): addCoustomInput()
#1 /var/www/html/woocommerce/wp-includes/plugin.php(205): WP_Hook->apply_filters()
#2 /var/www/html/woocommerce/wp-content/plugins/woocommerce/includes/class-wc-cart.php(1143): apply_filters()
#3 /var/www/html/woocommerce/wp-content/plugins/woocommerce/includes/class-wc-form-handler.php(824): WC_Cart->add_to_cart()
#4 /var/www/html/woocommerce/wp-content/plugins/woocommerce/includes/class-wc-form-handler.php(796): WC_Form_Handler::add_to_cart_handler_simple()
#5 /var/www/html/woocommerce/wp-includes/class-wp-hook.php(310): WC_Form_Handler::add_to_cart_action()
#6 /var/www/html/woocommerce/wp-includes/class-wp-hook.php(334): WP_Hook->apply_filters()
#7 /var/www/html/woocommerce/wp-includes/plugin.php(517): WP_Hook->do_action()
#8 /var/www/html/woocommerce/wp-settings.php(654): do_action()
#9 /var/www/html/woocommerce/wp-config.php(96): require_once('...')
#10 /var/www/html/woocommerce/wp-load.php(50): require_once('...')
#11 /var/www/html/woocommerce/wp-blog-header.php(13): require_once('...')
#12 /var/www/html/woocommerce/index.php(17): require('...')
#13 {main}
  thrown in /var/www/html/woocommerce/wp-content/themes/Ecommerce/functions.php on line 156

